[ 2019-07-24 16:34:24,557 ] - root -INFO : 执行self.main_page.click_main_page() 
[ 2019-07-24 16:34:27,562 ] - root -INFO : 未知错误，错误信息：Traceback (most recent call last):
  File "C:\Users\VULCAN\Desktop\简历\极客数学帮\极客数学帮_web自动化测试框架\test_case\test_001_tap_menus.py", line 45, in test_001_TapTopMenus
    self.assert_page(assert_target,assert_method,assert_keywords)
  File "C:\Users\VULCAN\Desktop\简历\极客数学帮\极客数学帮_web自动化测试框架\website\model\myassert.py", line 38, in assert_page
    return self.assertEqual(sentence,source)
  File "C:\Users\VULCAN\AppData\Local\Programs\Python\Python37\lib\unittest\case.py", line 839, in assertEqual
    assertion_func(first, second, msg=msg)
  File "C:\Users\VULCAN\AppData\Local\Programs\Python\Python37\lib\unittest\case.py", line 1220, in assertMultiLineEqual
    self.fail(self._formatMessage(msg, standardMsg))
  File "C:\Users\VULCAN\AppData\Local\Programs\Python\Python37\lib\unittest\case.py", line 680, in fail
    raise self.failureException(msg)
AssertionError: 'http://www.shuxuebang.com' != 'http://www.shuxuebang.com/'
- http://www.shuxuebang.com
+ http://www.shuxuebang.com/
?                          +

 
[ 2019-07-24 16:34:31,389 ] - root -INFO : 执行self.main_page.click_jike_study() 
[ 2019-07-24 16:34:38,648 ] - root -INFO : self.main_page.click_jike_study() pass 
[ 2019-07-24 16:34:43,651 ] - root -INFO : 执行self.main_page.click_jike_teacher() 
[ 2019-07-24 16:34:51,008 ] - root -INFO : self.main_page.click_jike_teacher() pass 
[ 2019-07-24 16:34:55,833 ] - root -INFO : 执行self.main_page.click_jike_class() 
[ 2019-07-24 16:35:03,201 ] - root -INFO : self.main_page.click_jike_class() pass 
[ 2019-07-24 16:35:36,641 ] - root -INFO : 执行self.main_page.click_jike_publich() 
[ 2019-07-24 16:35:43,905 ] - root -INFO : self.main_page.click_jike_publich() pass 
[ 2019-07-24 16:35:52,699 ] - root -INFO : 未知错误，错误信息：Traceback (most recent call last):
  File "C:\Users\VULCAN\Desktop\简历\极客数学帮\极客数学帮_web自动化测试框架\test_case\test_001_tap_menus.py", line 35, in test_001_TapTopMenus
    eval(action)
  File "<string>", line 1, in <module>
  File "C:\Users\VULCAN\Desktop\简历\极客数学帮\极客数学帮_web自动化测试框架\website\page_object\jike_main.py", line 67, in click_jike_recruit
    self.find_element(*self.menuRecruit_loc).click()
AttributeError: 'NoneType' object has no attribute 'click'
 
[ 2019-07-24 16:35:58,714 ] - root -INFO : 未知错误，错误信息：Traceback (most recent call last):
  File "C:\Users\VULCAN\Desktop\简历\极客数学帮\极客数学帮_web自动化测试框架\test_case\test_001_tap_menus.py", line 35, in test_001_TapTopMenus
    eval(action)
  File "<string>", line 1, in <module>
  File "C:\Users\VULCAN\Desktop\简历\极客数学帮\极客数学帮_web自动化测试框架\website\page_object\jike_main.py", line 70, in click_jike_diagnose
    self.find_element(*self.menuDiagnose_loc).click()
  File "C:\Users\VULCAN\Desktop\简历\极客数学帮\极客数学帮_web自动化测试框架\website\page_object\BasePage.py", line 26, in find_element
    return self.driver.find_element(*locator)
  File "C:\Users\VULCAN\AppData\Local\Programs\Python\Python37\lib\site-packages\selenium\webdriver\remote\webdriver.py", line 978, in find_element
    'value': value})['value']
  File "C:\Users\VULCAN\AppData\Local\Programs\Python\Python37\lib\site-packages\selenium\webdriver\remote\webdriver.py", line 321, in execute
    self.error_handler.check_response(response)
  File "C:\Users\VULCAN\AppData\Local\Programs\Python\Python37\lib\site-packages\selenium\webdriver\remote\errorhandler.py", line 242, in check_response
    raise exception_class(message, screen, stacktrace)
selenium.common.exceptions.WebDriverException: Message: chrome not reachable
  (Session info: chrome=75.0.3770.142)
  (Driver info: chromedriver=2.37.544315 (730aa6a5fdba159ac9f4c1e8cbc59bf1b5ce12b7),platform=Windows NT 10.0.17134 x86_64)

 
[ 2019-07-24 16:36:19,267 ] - root -INFO : 执行self.main_page.click_main_page() 
[ 2019-07-24 16:36:22,270 ] - root -INFO : 未知错误，错误信息：Traceback (most recent call last):
  File "C:\Users\VULCAN\Desktop\简历\极客数学帮\极客数学帮_web自动化测试框架\test_case\test_001_tap_menus.py", line 45, in test_001_TapTopMenus
    self.assert_page(assert_target,assert_method,assert_keywords)
  File "C:\Users\VULCAN\Desktop\简历\极客数学帮\极客数学帮_web自动化测试框架\website\model\myassert.py", line 22, in assert_page
    source = self.driver.current_url
  File "C:\Users\VULCAN\AppData\Local\Programs\Python\Python37\lib\site-packages\selenium\webdriver\remote\webdriver.py", line 669, in current_url
    return self.execute(Command.GET_CURRENT_URL)['value']
  File "C:\Users\VULCAN\AppData\Local\Programs\Python\Python37\lib\site-packages\selenium\webdriver\remote\webdriver.py", line 321, in execute
    self.error_handler.check_response(response)
  File "C:\Users\VULCAN\AppData\Local\Programs\Python\Python37\lib\site-packages\selenium\webdriver\remote\errorhandler.py", line 242, in check_response
    raise exception_class(message, screen, stacktrace)
selenium.common.exceptions.NoSuchWindowException: Message: no such window: target window already closed
from unknown error: web view not found
  (Session info: chrome=75.0.3770.142)
  (Driver info: chromedriver=2.37.544315 (730aa6a5fdba159ac9f4c1e8cbc59bf1b5ce12b7),platform=Windows NT 10.0.17134 x86_64)

 
[ 2019-07-24 16:36:24,274 ] - root -INFO : 未知错误，错误信息：Traceback (most recent call last):
  File "C:\Users\VULCAN\Desktop\简历\极客数学帮\极客数学帮_web自动化测试框架\test_case\test_001_tap_menus.py", line 35, in test_001_TapTopMenus
    eval(action)
  File "<string>", line 1, in <module>
  File "C:\Users\VULCAN\Desktop\简历\极客数学帮\极客数学帮_web自动化测试框架\website\page_object\jike_main.py", line 55, in click_jike_study
    self.find_element(*self.menuStudy_loc).click()
  File "C:\Users\VULCAN\Desktop\简历\极客数学帮\极客数学帮_web自动化测试框架\website\page_object\BasePage.py", line 26, in find_element
    return self.driver.find_element(*locator)
  File "C:\Users\VULCAN\AppData\Local\Programs\Python\Python37\lib\site-packages\selenium\webdriver\remote\webdriver.py", line 978, in find_element
    'value': value})['value']
  File "C:\Users\VULCAN\AppData\Local\Programs\Python\Python37\lib\site-packages\selenium\webdriver\remote\webdriver.py", line 321, in execute
    self.error_handler.check_response(response)
  File "C:\Users\VULCAN\AppData\Local\Programs\Python\Python37\lib\site-packages\selenium\webdriver\remote\errorhandler.py", line 242, in check_response
    raise exception_class(message, screen, stacktrace)
selenium.common.exceptions.NoSuchWindowException: Message: no such window: target window already closed
from unknown error: web view not found
  (Session info: chrome=75.0.3770.142)
  (Driver info: chromedriver=2.37.544315 (730aa6a5fdba159ac9f4c1e8cbc59bf1b5ce12b7),platform=Windows NT 10.0.17134 x86_64)

 
[ 2019-07-24 16:36:26,276 ] - root -INFO : 未知错误，错误信息：Traceback (most recent call last):
  File "C:\Users\VULCAN\Desktop\简历\极客数学帮\极客数学帮_web自动化测试框架\test_case\test_001_tap_menus.py", line 35, in test_001_TapTopMenus
    eval(action)
  File "<string>", line 1, in <module>
  File "C:\Users\VULCAN\Desktop\简历\极客数学帮\极客数学帮_web自动化测试框架\website\page_object\jike_main.py", line 58, in click_jike_teacher
    self.find_element(*self.menuTeacher_loc).click()
  File "C:\Users\VULCAN\Desktop\简历\极客数学帮\极客数学帮_web自动化测试框架\website\page_object\BasePage.py", line 26, in find_element
    return self.driver.find_element(*locator)
  File "C:\Users\VULCAN\AppData\Local\Programs\Python\Python37\lib\site-packages\selenium\webdriver\remote\webdriver.py", line 978, in find_element
    'value': value})['value']
  File "C:\Users\VULCAN\AppData\Local\Programs\Python\Python37\lib\site-packages\selenium\webdriver\remote\webdriver.py", line 321, in execute
    self.error_handler.check_response(response)
  File "C:\Users\VULCAN\AppData\Local\Programs\Python\Python37\lib\site-packages\selenium\webdriver\remote\errorhandler.py", line 242, in check_response
    raise exception_class(message, screen, stacktrace)
selenium.common.exceptions.NoSuchWindowException: Message: no such window: target window already closed
from unknown error: web view not found
  (Session info: chrome=75.0.3770.142)
  (Driver info: chromedriver=2.37.544315 (730aa6a5fdba159ac9f4c1e8cbc59bf1b5ce12b7),platform=Windows NT 10.0.17134 x86_64)

 
[ 2019-07-24 16:36:28,278 ] - root -INFO : 未知错误，错误信息：Traceback (most recent call last):
  File "C:\Users\VULCAN\Desktop\简历\极客数学帮\极客数学帮_web自动化测试框架\test_case\test_001_tap_menus.py", line 35, in test_001_TapTopMenus
    eval(action)
  File "<string>", line 1, in <module>
  File "C:\Users\VULCAN\Desktop\简历\极客数学帮\极客数学帮_web自动化测试框架\website\page_object\jike_main.py", line 61, in click_jike_class
    self.find_element(*self.menuClass_loc).click()
  File "C:\Users\VULCAN\Desktop\简历\极客数学帮\极客数学帮_web自动化测试框架\website\page_object\BasePage.py", line 26, in find_element
    return self.driver.find_element(*locator)
  File "C:\Users\VULCAN\AppData\Local\Programs\Python\Python37\lib\site-packages\selenium\webdriver\remote\webdriver.py", line 978, in find_element
    'value': value})['value']
  File "C:\Users\VULCAN\AppData\Local\Programs\Python\Python37\lib\site-packages\selenium\webdriver\remote\webdriver.py", line 321, in execute
    self.error_handler.check_response(response)
  File "C:\Users\VULCAN\AppData\Local\Programs\Python\Python37\lib\site-packages\selenium\webdriver\remote\errorhandler.py", line 242, in check_response
    raise exception_class(message, screen, stacktrace)
selenium.common.exceptions.NoSuchWindowException: Message: no such window: target window already closed
from unknown error: web view not found
  (Session info: chrome=75.0.3770.142)
  (Driver info: chromedriver=2.37.544315 (730aa6a5fdba159ac9f4c1e8cbc59bf1b5ce12b7),platform=Windows NT 10.0.17134 x86_64)

 
[ 2019-07-24 16:36:30,281 ] - root -INFO : 未知错误，错误信息：Traceback (most recent call last):
  File "C:\Users\VULCAN\Desktop\简历\极客数学帮\极客数学帮_web自动化测试框架\test_case\test_001_tap_menus.py", line 35, in test_001_TapTopMenus
    eval(action)
  File "<string>", line 1, in <module>
  File "C:\Users\VULCAN\Desktop\简历\极客数学帮\极客数学帮_web自动化测试框架\website\page_object\jike_main.py", line 64, in click_jike_publich
    self.find_element(*self.menuPublish_loc).click()
  File "C:\Users\VULCAN\Desktop\简历\极客数学帮\极客数学帮_web自动化测试框架\website\page_object\BasePage.py", line 26, in find_element
    return self.driver.find_element(*locator)
  File "C:\Users\VULCAN\AppData\Local\Programs\Python\Python37\lib\site-packages\selenium\webdriver\remote\webdriver.py", line 978, in find_element
    'value': value})['value']
  File "C:\Users\VULCAN\AppData\Local\Programs\Python\Python37\lib\site-packages\selenium\webdriver\remote\webdriver.py", line 321, in execute
    self.error_handler.check_response(response)
  File "C:\Users\VULCAN\AppData\Local\Programs\Python\Python37\lib\site-packages\selenium\webdriver\remote\errorhandler.py", line 242, in check_response
    raise exception_class(message, screen, stacktrace)
selenium.common.exceptions.NoSuchWindowException: Message: no such window: target window already closed
from unknown error: web view not found
  (Session info: chrome=75.0.3770.142)
  (Driver info: chromedriver=2.37.544315 (730aa6a5fdba159ac9f4c1e8cbc59bf1b5ce12b7),platform=Windows NT 10.0.17134 x86_64)

 
[ 2019-07-24 16:36:32,284 ] - root -INFO : 未知错误，错误信息：Traceback (most recent call last):
  File "C:\Users\VULCAN\Desktop\简历\极客数学帮\极客数学帮_web自动化测试框架\test_case\test_001_tap_menus.py", line 35, in test_001_TapTopMenus
    eval(action)
  File "<string>", line 1, in <module>
  File "C:\Users\VULCAN\Desktop\简历\极客数学帮\极客数学帮_web自动化测试框架\website\page_object\jike_main.py", line 67, in click_jike_recruit
    self.find_element(*self.menuRecruit_loc).click()
  File "C:\Users\VULCAN\Desktop\简历\极客数学帮\极客数学帮_web自动化测试框架\website\page_object\BasePage.py", line 26, in find_element
    return self.driver.find_element(*locator)
  File "C:\Users\VULCAN\AppData\Local\Programs\Python\Python37\lib\site-packages\selenium\webdriver\remote\webdriver.py", line 978, in find_element
    'value': value})['value']
  File "C:\Users\VULCAN\AppData\Local\Programs\Python\Python37\lib\site-packages\selenium\webdriver\remote\webdriver.py", line 321, in execute
    self.error_handler.check_response(response)
  File "C:\Users\VULCAN\AppData\Local\Programs\Python\Python37\lib\site-packages\selenium\webdriver\remote\errorhandler.py", line 242, in check_response
    raise exception_class(message, screen, stacktrace)
selenium.common.exceptions.NoSuchWindowException: Message: no such window: target window already closed
from unknown error: web view not found
  (Session info: chrome=75.0.3770.142)
  (Driver info: chromedriver=2.37.544315 (730aa6a5fdba159ac9f4c1e8cbc59bf1b5ce12b7),platform=Windows NT 10.0.17134 x86_64)

 
[ 2019-07-24 16:36:34,286 ] - root -INFO : 未知错误，错误信息：Traceback (most recent call last):
  File "C:\Users\VULCAN\Desktop\简历\极客数学帮\极客数学帮_web自动化测试框架\test_case\test_001_tap_menus.py", line 35, in test_001_TapTopMenus
    eval(action)
  File "<string>", line 1, in <module>
  File "C:\Users\VULCAN\Desktop\简历\极客数学帮\极客数学帮_web自动化测试框架\website\page_object\jike_main.py", line 70, in click_jike_diagnose
    self.find_element(*self.menuDiagnose_loc).click()
  File "C:\Users\VULCAN\Desktop\简历\极客数学帮\极客数学帮_web自动化测试框架\website\page_object\BasePage.py", line 26, in find_element
    return self.driver.find_element(*locator)
  File "C:\Users\VULCAN\AppData\Local\Programs\Python\Python37\lib\site-packages\selenium\webdriver\remote\webdriver.py", line 978, in find_element
    'value': value})['value']
  File "C:\Users\VULCAN\AppData\Local\Programs\Python\Python37\lib\site-packages\selenium\webdriver\remote\webdriver.py", line 321, in execute
    self.error_handler.check_response(response)
  File "C:\Users\VULCAN\AppData\Local\Programs\Python\Python37\lib\site-packages\selenium\webdriver\remote\errorhandler.py", line 242, in check_response
    raise exception_class(message, screen, stacktrace)
selenium.common.exceptions.NoSuchWindowException: Message: no such window: target window already closed
from unknown error: web view not found
  (Session info: chrome=75.0.3770.142)
  (Driver info: chromedriver=2.37.544315 (730aa6a5fdba159ac9f4c1e8cbc59bf1b5ce12b7),platform=Windows NT 10.0.17134 x86_64)

 
[ 2019-07-24 16:36:36,289 ] - root -INFO : 未知错误，错误信息：Traceback (most recent call last):
  File "C:\Users\VULCAN\Desktop\简历\极客数学帮\极客数学帮_web自动化测试框架\test_case\test_001_tap_menus.py", line 35, in test_001_TapTopMenus
    eval(action)
  File "<string>", line 1, in <module>
  File "C:\Users\VULCAN\Desktop\简历\极客数学帮\极客数学帮_web自动化测试框架\website\page_object\jike_main.py", line 73, in click_about
    self.find_element(*self.menuAbout_loc).click()
  File "C:\Users\VULCAN\Desktop\简历\极客数学帮\极客数学帮_web自动化测试框架\website\page_object\BasePage.py", line 26, in find_element
    return self.driver.find_element(*locator)
  File "C:\Users\VULCAN\AppData\Local\Programs\Python\Python37\lib\site-packages\selenium\webdriver\remote\webdriver.py", line 978, in find_element
    'value': value})['value']
  File "C:\Users\VULCAN\AppData\Local\Programs\Python\Python37\lib\site-packages\selenium\webdriver\remote\webdriver.py", line 321, in execute
    self.error_handler.check_response(response)
  File "C:\Users\VULCAN\AppData\Local\Programs\Python\Python37\lib\site-packages\selenium\webdriver\remote\errorhandler.py", line 242, in check_response
    raise exception_class(message, screen, stacktrace)
selenium.common.exceptions.NoSuchWindowException: Message: no such window: target window already closed
from unknown error: web view not found
  (Session info: chrome=75.0.3770.142)
  (Driver info: chromedriver=2.37.544315 (730aa6a5fdba159ac9f4c1e8cbc59bf1b5ce12b7),platform=Windows NT 10.0.17134 x86_64)

 
[ 2019-07-24 16:38:14,431 ] - root -INFO : 执行self.main_page.click_main_page() 
[ 2019-07-24 16:38:21,832 ] - root -INFO : self.main_page.click_main_page() pass 
[ 2019-07-24 16:38:40,573 ] - root -INFO : 执行self.main_page.click_jike_study() 
[ 2019-07-24 16:38:47,875 ] - root -INFO : self.main_page.click_jike_study() pass 
[ 2019-07-24 16:38:52,637 ] - root -INFO : 执行self.main_page.click_jike_teacher() 
[ 2019-07-24 16:38:59,942 ] - root -INFO : self.main_page.click_jike_teacher() pass 
[ 2019-07-24 16:39:03,854 ] - root -INFO : 执行self.main_page.click_jike_class() 
[ 2019-07-24 16:39:11,251 ] - root -INFO : self.main_page.click_jike_class() pass 
[ 2019-07-24 16:39:14,352 ] - root -INFO : 执行self.main_page.click_jike_publich() 
[ 2019-07-24 16:39:21,639 ] - root -INFO : self.main_page.click_jike_publich() pass 
[ 2019-07-24 16:39:24,702 ] - root -INFO : 执行self.main_page.click_jike_recruit() 
[ 2019-07-24 16:39:32,000 ] - root -INFO : self.main_page.click_jike_recruit() pass 
[ 2019-07-24 16:39:35,034 ] - root -INFO : 执行self.main_page.click_jike_diagnose() 
[ 2019-07-24 16:39:42,314 ] - root -INFO : self.main_page.click_jike_diagnose() pass 
[ 2019-07-24 16:39:46,307 ] - root -INFO : 执行self.main_page.click_about() 
[ 2019-07-24 16:39:53,576 ] - root -INFO : self.main_page.click_about() pass 
[ 2019-07-24 16:40:48,709 ] - root -INFO : 执行self.main_page.click_main_page() 
[ 2019-07-24 16:40:56,310 ] - root -INFO : self.main_page.click_main_page() pass 
[ 2019-07-24 16:41:03,463 ] - root -INFO : 执行self.main_page.click_jike_study() 
[ 2019-07-24 16:41:10,783 ] - root -INFO : self.main_page.click_jike_study() pass 
[ 2019-07-24 16:41:14,740 ] - root -INFO : 执行self.main_page.click_jike_teacher() 
[ 2019-07-24 16:41:22,080 ] - root -INFO : self.main_page.click_jike_teacher() pass 
[ 2019-07-24 16:41:26,544 ] - root -INFO : 执行self.main_page.click_jike_class() 
[ 2019-07-24 16:41:33,985 ] - root -INFO : self.main_page.click_jike_class() pass 
[ 2019-07-24 16:41:37,397 ] - root -INFO : 执行self.main_page.click_jike_publich() 
[ 2019-07-24 16:41:44,731 ] - root -INFO : self.main_page.click_jike_publich() pass 
[ 2019-07-24 16:41:48,324 ] - root -INFO : 执行self.main_page.click_jike_recruit() 
[ 2019-07-24 16:41:55,702 ] - root -INFO : self.main_page.click_jike_recruit() pass 
[ 2019-07-24 16:41:58,561 ] - root -INFO : 执行self.main_page.click_jike_diagnose() 
[ 2019-07-24 16:42:05,883 ] - root -INFO : self.main_page.click_jike_diagnose() pass 
[ 2019-07-24 16:42:10,252 ] - root -INFO : 执行self.main_page.click_about() 
[ 2019-07-24 16:42:17,602 ] - root -INFO : self.main_page.click_about() pass 
[ 2019-07-24 16:43:24,946 ] - root -INFO : 执行self.main_page.click_main_page() 
[ 2019-07-24 16:43:29,407 ] - root -INFO : self.main_page.click_main_page() pass 
[ 2019-07-24 16:43:30,529 ] - root -INFO : 执行self.main_page.click_jike_study() 
[ 2019-07-24 16:43:37,540 ] - root -INFO : 未知错误，错误信息：Traceback (most recent call last):
  File "C:\Users\VULCAN\Desktop\简历\极客数学帮\极客数学帮_web自动化测试框架\test_case\test_001_tap_menus.py", line 43, in test_001_TapTopMenus
    self.assert_page(assert_target,assert_method,assert_keywords)
  File "C:\Users\VULCAN\Desktop\简历\极客数学帮\极客数学帮_web自动化测试框架\website\model\myassert.py", line 22, in assert_page
    source = self.driver.current_url
  File "C:\Users\VULCAN\AppData\Local\Programs\Python\Python37\lib\site-packages\selenium\webdriver\remote\webdriver.py", line 669, in current_url
    return self.execute(Command.GET_CURRENT_URL)['value']
  File "C:\Users\VULCAN\AppData\Local\Programs\Python\Python37\lib\site-packages\selenium\webdriver\remote\webdriver.py", line 321, in execute
    self.error_handler.check_response(response)
  File "C:\Users\VULCAN\AppData\Local\Programs\Python\Python37\lib\site-packages\selenium\webdriver\remote\errorhandler.py", line 242, in check_response
    raise exception_class(message, screen, stacktrace)
selenium.common.exceptions.WebDriverException: Message: chrome not reachable
  (Session info: chrome=75.0.3770.142)
  (Driver info: chromedriver=2.37.544315 (730aa6a5fdba159ac9f4c1e8cbc59bf1b5ce12b7),platform=Windows NT 10.0.17134 x86_64)

 
[ 2019-07-24 16:43:41,560 ] - root -INFO : 未知错误，错误信息：Traceback (most recent call last):
  File "C:\Users\VULCAN\Desktop\简历\极客数学帮\极客数学帮_web自动化测试框架\test_case\test_001_tap_menus.py", line 33, in test_001_TapTopMenus
    eval(action)
  File "<string>", line 1, in <module>
  File "C:\Users\VULCAN\Desktop\简历\极客数学帮\极客数学帮_web自动化测试框架\website\page_object\jike_main.py", line 58, in click_jike_teacher
    self.find_element(*self.menuTeacher_loc).click()
  File "C:\Users\VULCAN\Desktop\简历\极客数学帮\极客数学帮_web自动化测试框架\website\page_object\BasePage.py", line 26, in find_element
    return self.driver.find_element(*locator)
  File "C:\Users\VULCAN\AppData\Local\Programs\Python\Python37\lib\site-packages\selenium\webdriver\remote\webdriver.py", line 978, in find_element
    'value': value})['value']
  File "C:\Users\VULCAN\AppData\Local\Programs\Python\Python37\lib\site-packages\selenium\webdriver\remote\webdriver.py", line 321, in execute
    self.error_handler.check_response(response)
  File "C:\Users\VULCAN\AppData\Local\Programs\Python\Python37\lib\site-packages\selenium\webdriver\remote\errorhandler.py", line 242, in check_response
    raise exception_class(message, screen, stacktrace)
selenium.common.exceptions.WebDriverException: Message: chrome not reachable
  (Session info: chrome=75.0.3770.142)
  (Driver info: chromedriver=2.37.544315 (730aa6a5fdba159ac9f4c1e8cbc59bf1b5ce12b7),platform=Windows NT 10.0.17134 x86_64)

 
[ 2019-07-24 16:43:45,584 ] - root -INFO : 未知错误，错误信息：Traceback (most recent call last):
  File "C:\Users\VULCAN\Desktop\简历\极客数学帮\极客数学帮_web自动化测试框架\test_case\test_001_tap_menus.py", line 33, in test_001_TapTopMenus
    eval(action)
  File "<string>", line 1, in <module>
  File "C:\Users\VULCAN\Desktop\简历\极客数学帮\极客数学帮_web自动化测试框架\website\page_object\jike_main.py", line 61, in click_jike_class
    self.find_element(*self.menuClass_loc).click()
  File "C:\Users\VULCAN\Desktop\简历\极客数学帮\极客数学帮_web自动化测试框架\website\page_object\BasePage.py", line 26, in find_element
    return self.driver.find_element(*locator)
  File "C:\Users\VULCAN\AppData\Local\Programs\Python\Python37\lib\site-packages\selenium\webdriver\remote\webdriver.py", line 978, in find_element
    'value': value})['value']
  File "C:\Users\VULCAN\AppData\Local\Programs\Python\Python37\lib\site-packages\selenium\webdriver\remote\webdriver.py", line 321, in execute
    self.error_handler.check_response(response)
  File "C:\Users\VULCAN\AppData\Local\Programs\Python\Python37\lib\site-packages\selenium\webdriver\remote\errorhandler.py", line 242, in check_response
    raise exception_class(message, screen, stacktrace)
selenium.common.exceptions.WebDriverException: Message: chrome not reachable
  (Session info: chrome=75.0.3770.142)
  (Driver info: chromedriver=2.37.544315 (730aa6a5fdba159ac9f4c1e8cbc59bf1b5ce12b7),platform=Windows NT 10.0.17134 x86_64)

 
[ 2019-07-24 16:43:49,593 ] - root -INFO : 未知错误，错误信息：Traceback (most recent call last):
  File "C:\Users\VULCAN\Desktop\简历\极客数学帮\极客数学帮_web自动化测试框架\test_case\test_001_tap_menus.py", line 33, in test_001_TapTopMenus
    eval(action)
  File "<string>", line 1, in <module>
  File "C:\Users\VULCAN\Desktop\简历\极客数学帮\极客数学帮_web自动化测试框架\website\page_object\jike_main.py", line 64, in click_jike_publich
    self.find_element(*self.menuPublish_loc).click()
  File "C:\Users\VULCAN\Desktop\简历\极客数学帮\极客数学帮_web自动化测试框架\website\page_object\BasePage.py", line 26, in find_element
    return self.driver.find_element(*locator)
  File "C:\Users\VULCAN\AppData\Local\Programs\Python\Python37\lib\site-packages\selenium\webdriver\remote\webdriver.py", line 978, in find_element
    'value': value})['value']
  File "C:\Users\VULCAN\AppData\Local\Programs\Python\Python37\lib\site-packages\selenium\webdriver\remote\webdriver.py", line 321, in execute
    self.error_handler.check_response(response)
  File "C:\Users\VULCAN\AppData\Local\Programs\Python\Python37\lib\site-packages\selenium\webdriver\remote\errorhandler.py", line 242, in check_response
    raise exception_class(message, screen, stacktrace)
selenium.common.exceptions.WebDriverException: Message: chrome not reachable
  (Session info: chrome=75.0.3770.142)
  (Driver info: chromedriver=2.37.544315 (730aa6a5fdba159ac9f4c1e8cbc59bf1b5ce12b7),platform=Windows NT 10.0.17134 x86_64)

 
[ 2019-07-24 16:43:53,604 ] - root -INFO : 未知错误，错误信息：Traceback (most recent call last):
  File "C:\Users\VULCAN\Desktop\简历\极客数学帮\极客数学帮_web自动化测试框架\test_case\test_001_tap_menus.py", line 33, in test_001_TapTopMenus
    eval(action)
  File "<string>", line 1, in <module>
  File "C:\Users\VULCAN\Desktop\简历\极客数学帮\极客数学帮_web自动化测试框架\website\page_object\jike_main.py", line 67, in click_jike_recruit
    self.find_element(*self.menuRecruit_loc).click()
  File "C:\Users\VULCAN\Desktop\简历\极客数学帮\极客数学帮_web自动化测试框架\website\page_object\BasePage.py", line 26, in find_element
    return self.driver.find_element(*locator)
  File "C:\Users\VULCAN\AppData\Local\Programs\Python\Python37\lib\site-packages\selenium\webdriver\remote\webdriver.py", line 978, in find_element
    'value': value})['value']
  File "C:\Users\VULCAN\AppData\Local\Programs\Python\Python37\lib\site-packages\selenium\webdriver\remote\webdriver.py", line 321, in execute
    self.error_handler.check_response(response)
  File "C:\Users\VULCAN\AppData\Local\Programs\Python\Python37\lib\site-packages\selenium\webdriver\remote\errorhandler.py", line 242, in check_response
    raise exception_class(message, screen, stacktrace)
selenium.common.exceptions.WebDriverException: Message: chrome not reachable
  (Session info: chrome=75.0.3770.142)
  (Driver info: chromedriver=2.37.544315 (730aa6a5fdba159ac9f4c1e8cbc59bf1b5ce12b7),platform=Windows NT 10.0.17134 x86_64)

 
[ 2019-07-24 16:43:57,614 ] - root -INFO : 未知错误，错误信息：Traceback (most recent call last):
  File "C:\Users\VULCAN\Desktop\简历\极客数学帮\极客数学帮_web自动化测试框架\test_case\test_001_tap_menus.py", line 33, in test_001_TapTopMenus
    eval(action)
  File "<string>", line 1, in <module>
  File "C:\Users\VULCAN\Desktop\简历\极客数学帮\极客数学帮_web自动化测试框架\website\page_object\jike_main.py", line 70, in click_jike_diagnose
    self.find_element(*self.menuDiagnose_loc).click()
  File "C:\Users\VULCAN\Desktop\简历\极客数学帮\极客数学帮_web自动化测试框架\website\page_object\BasePage.py", line 26, in find_element
    return self.driver.find_element(*locator)
  File "C:\Users\VULCAN\AppData\Local\Programs\Python\Python37\lib\site-packages\selenium\webdriver\remote\webdriver.py", line 978, in find_element
    'value': value})['value']
  File "C:\Users\VULCAN\AppData\Local\Programs\Python\Python37\lib\site-packages\selenium\webdriver\remote\webdriver.py", line 321, in execute
    self.error_handler.check_response(response)
  File "C:\Users\VULCAN\AppData\Local\Programs\Python\Python37\lib\site-packages\selenium\webdriver\remote\errorhandler.py", line 242, in check_response
    raise exception_class(message, screen, stacktrace)
selenium.common.exceptions.WebDriverException: Message: chrome not reachable
  (Session info: chrome=75.0.3770.142)
  (Driver info: chromedriver=2.37.544315 (730aa6a5fdba159ac9f4c1e8cbc59bf1b5ce12b7),platform=Windows NT 10.0.17134 x86_64)

 
[ 2019-07-24 16:44:01,624 ] - root -INFO : 未知错误，错误信息：Traceback (most recent call last):
  File "C:\Users\VULCAN\Desktop\简历\极客数学帮\极客数学帮_web自动化测试框架\test_case\test_001_tap_menus.py", line 33, in test_001_TapTopMenus
    eval(action)
  File "<string>", line 1, in <module>
  File "C:\Users\VULCAN\Desktop\简历\极客数学帮\极客数学帮_web自动化测试框架\website\page_object\jike_main.py", line 73, in click_about
    self.find_element(*self.menuAbout_loc).click()
  File "C:\Users\VULCAN\Desktop\简历\极客数学帮\极客数学帮_web自动化测试框架\website\page_object\BasePage.py", line 26, in find_element
    return self.driver.find_element(*locator)
  File "C:\Users\VULCAN\AppData\Local\Programs\Python\Python37\lib\site-packages\selenium\webdriver\remote\webdriver.py", line 978, in find_element
    'value': value})['value']
  File "C:\Users\VULCAN\AppData\Local\Programs\Python\Python37\lib\site-packages\selenium\webdriver\remote\webdriver.py", line 321, in execute
    self.error_handler.check_response(response)
  File "C:\Users\VULCAN\AppData\Local\Programs\Python\Python37\lib\site-packages\selenium\webdriver\remote\errorhandler.py", line 242, in check_response
    raise exception_class(message, screen, stacktrace)
selenium.common.exceptions.WebDriverException: Message: chrome not reachable
  (Session info: chrome=75.0.3770.142)
  (Driver info: chromedriver=2.37.544315 (730aa6a5fdba159ac9f4c1e8cbc59bf1b5ce12b7),platform=Windows NT 10.0.17134 x86_64)

 
[ 2019-07-24 16:47:12,939 ] - root -INFO : 执行self.main_page.click_main_page() 
[ 2019-07-24 16:47:17,358 ] - root -INFO : self.main_page.click_main_page() pass 
[ 2019-07-24 16:47:18,782 ] - root -INFO : 执行self.main_page.click_jike_study() 
[ 2019-07-24 16:47:23,119 ] - root -INFO : self.main_page.click_jike_study() pass 
[ 2019-07-24 16:47:26,738 ] - root -INFO : 执行self.main_page.click_jike_teacher() 
[ 2019-07-24 16:47:31,071 ] - root -INFO : self.main_page.click_jike_teacher() pass 
[ 2019-07-24 16:47:34,472 ] - root -INFO : 执行self.main_page.click_jike_class() 
[ 2019-07-24 16:47:38,922 ] - root -INFO : self.main_page.click_jike_class() pass 
[ 2019-07-24 16:47:40,209 ] - root -INFO : 执行self.main_page.click_jike_publich() 
[ 2019-07-24 16:47:44,572 ] - root -INFO : self.main_page.click_jike_publich() pass 
[ 2019-07-24 16:47:47,317 ] - root -INFO : 执行self.main_page.click_jike_recruit() 
[ 2019-07-24 16:47:51,705 ] - root -INFO : self.main_page.click_jike_recruit() pass 
[ 2019-07-24 16:47:55,050 ] - root -INFO : 执行self.main_page.click_jike_diagnose() 
[ 2019-07-24 16:47:59,365 ] - root -INFO : self.main_page.click_jike_diagnose() pass 
[ 2019-07-24 16:48:01,188 ] - root -INFO : 执行self.main_page.click_about() 
[ 2019-07-24 16:48:05,516 ] - root -INFO : self.main_page.click_about() pass 
[ 2019-07-24 16:50:33,844 ] - root -INFO : 执行self.main_page.click_main_page() 
[ 2019-07-24 16:50:36,851 ] - root -ERROR : 断言错误，错误信息：Traceback (most recent call last):
  File "C:\Users\VULCAN\Desktop\简历\极客数学帮\极客数学帮_web自动化测试框架\test_case\test_001_tap_menus.py", line 43, in test_001_TapTopMenus
    self.assert_page(assert_target,assert_method,assert_keywords)
  File "C:\Users\VULCAN\Desktop\简历\极客数学帮\极客数学帮_web自动化测试框架\website\model\myassert.py", line 38, in assert_page
    return self.assertEqual(sentence,source)
  File "C:\Users\VULCAN\AppData\Local\Programs\Python\Python37\lib\unittest\case.py", line 839, in assertEqual
    assertion_func(first, second, msg=msg)
  File "C:\Users\VULCAN\AppData\Local\Programs\Python\Python37\lib\unittest\case.py", line 1220, in assertMultiLineEqual
    self.fail(self._formatMessage(msg, standardMsg))
  File "C:\Users\VULCAN\AppData\Local\Programs\Python\Python37\lib\unittest\case.py", line 680, in fail
    raise self.failureException(msg)
AssertionError: 'http://www.shuxueb' != 'http://www.shuxuebang.com/'
- http://www.shuxueb
+ http://www.shuxuebang.com/
?                   ++++++++

 
[ 2019-07-24 16:50:37,791 ] - root -INFO : 执行self.main_page.click_jike_study() 
[ 2019-07-24 16:50:42,135 ] - root -INFO : self.main_page.click_jike_study() pass 
[ 2019-07-24 16:50:44,058 ] - root -INFO : 执行self.main_page.click_jike_teacher() 
[ 2019-07-24 16:50:48,450 ] - root -INFO : self.main_page.click_jike_teacher() pass 
[ 2019-07-24 16:51:16,681 ] - root -INFO : 执行self.main_page.click_main_page() 
[ 2019-07-24 16:51:21,133 ] - root -INFO : self.main_page.click_main_page() pass 
[ 2019-07-24 16:51:25,579 ] - root -INFO : 执行self.main_page.click_jike_study() 
[ 2019-07-24 16:51:32,588 ] - root -INFO : 未知错误，错误信息：Traceback (most recent call last):
  File "C:\Users\VULCAN\Desktop\简历\极客数学帮\极客数学帮_web自动化测试框架\test_case\test_001_tap_menus.py", line 43, in test_001_TapTopMenus
    self.assert_page(assert_target,assert_method,assert_keywords)
  File "C:\Users\VULCAN\Desktop\简历\极客数学帮\极客数学帮_web自动化测试框架\website\model\myassert.py", line 22, in assert_page
    source = self.driver.current_url
  File "C:\Users\VULCAN\AppData\Local\Programs\Python\Python37\lib\site-packages\selenium\webdriver\remote\webdriver.py", line 669, in current_url
    return self.execute(Command.GET_CURRENT_URL)['value']
  File "C:\Users\VULCAN\AppData\Local\Programs\Python\Python37\lib\site-packages\selenium\webdriver\remote\webdriver.py", line 321, in execute
    self.error_handler.check_response(response)
  File "C:\Users\VULCAN\AppData\Local\Programs\Python\Python37\lib\site-packages\selenium\webdriver\remote\errorhandler.py", line 242, in check_response
    raise exception_class(message, screen, stacktrace)
selenium.common.exceptions.WebDriverException: Message: chrome not reachable
  (Session info: chrome=75.0.3770.142)
  (Driver info: chromedriver=2.37.544315 (730aa6a5fdba159ac9f4c1e8cbc59bf1b5ce12b7),platform=Windows NT 10.0.17134 x86_64)

 
[ 2019-07-24 20:33:50,510 ] - root -INFO : 执行self.main_page.click_main_page() 
[ 2019-07-24 20:33:54,983 ] - root -INFO : self.main_page.click_main_page() pass 
[ 2019-07-24 20:33:56,057 ] - root -INFO : 执行self.main_page.click_jike_study() 
[ 2019-07-24 20:34:00,382 ] - root -INFO : self.main_page.click_jike_study() pass 
[ 2019-07-24 20:34:47,288 ] - root -INFO : 执行self.main_page.click_jike_teacher() 
[ 2019-07-24 20:34:51,624 ] - root -INFO : self.main_page.click_jike_teacher() pass 
[ 2019-07-24 20:35:10,721 ] - root -INFO : 执行self.main_page.click_jike_class() 
[ 2019-07-24 20:35:15,240 ] - root -INFO : self.main_page.click_jike_class() pass 
[ 2019-07-24 20:35:16,131 ] - root -INFO : 执行self.main_page.click_jike_publich() 
[ 2019-07-24 20:35:20,513 ] - root -INFO : self.main_page.click_jike_publich() pass 
[ 2019-07-24 20:35:22,665 ] - root -INFO : 执行self.main_page.click_jike_recruit() 
[ 2019-07-24 20:35:27,088 ] - root -INFO : self.main_page.click_jike_recruit() pass 
[ 2019-07-24 20:35:28,027 ] - root -INFO : 执行self.main_page.click_jike_diagnose() 
[ 2019-07-24 20:35:32,352 ] - root -INFO : self.main_page.click_jike_diagnose() pass 
[ 2019-07-24 20:35:33,312 ] - root -INFO : 执行self.main_page.click_about() 
[ 2019-07-24 20:35:37,632 ] - root -INFO : self.main_page.click_about() pass 
[ 2019-07-24 20:36:36,827 ] - root -INFO : 执行self.main_page.click_main_page() 
[ 2019-07-24 20:36:41,286 ] - root -INFO : self.main_page.click_main_page() pass 
[ 2019-07-24 20:36:57,834 ] - root -INFO : 执行self.main_page.click_jike_study() 
[ 2019-07-24 20:37:02,169 ] - root -INFO : self.main_page.click_jike_study() pass 
[ 2019-07-24 20:37:05,579 ] - root -INFO : 执行self.main_page.click_jike_teacher() 
[ 2019-07-24 20:37:09,919 ] - root -INFO : self.main_page.click_jike_teacher() pass 
[ 2019-07-24 20:37:26,677 ] - root -INFO : 执行self.main_page.click_jike_class() 
[ 2019-07-24 20:37:31,107 ] - root -INFO : self.main_page.click_jike_class() pass 
[ 2019-07-24 20:37:32,147 ] - root -INFO : 执行self.main_page.click_jike_publich() 
[ 2019-07-24 20:37:36,470 ] - root -INFO : self.main_page.click_jike_publich() pass 
[ 2019-07-24 20:37:38,014 ] - root -INFO : 执行self.main_page.click_jike_recruit() 
[ 2019-07-24 20:37:42,408 ] - root -INFO : self.main_page.click_jike_recruit() pass 
[ 2019-07-24 20:37:43,720 ] - root -INFO : 执行self.main_page.click_jike_diagnose() 
[ 2019-07-24 20:37:48,039 ] - root -INFO : self.main_page.click_jike_diagnose() pass 
[ 2019-07-24 20:37:49,273 ] - root -INFO : 执行self.main_page.click_about() 
[ 2019-07-24 20:37:53,629 ] - root -INFO : self.main_page.click_about() pass 
[ 2019-07-24 20:47:49,947 ] - root -INFO : 执行self.main_page.click_main_page() 
[ 2019-07-24 20:47:52,521 ] - root -INFO : self.main_page.click_main_page() pass 
[ 2019-07-24 20:47:53,614 ] - root -INFO : 执行self.main_page.click_jike_study() 
[ 2019-07-24 20:47:55,939 ] - root -INFO : self.main_page.click_jike_study() pass 
[ 2019-07-24 20:47:58,093 ] - root -INFO : 执行self.main_page.click_jike_teacher() 
[ 2019-07-24 20:48:00,438 ] - root -INFO : self.main_page.click_jike_teacher() pass 
[ 2019-07-24 20:48:01,714 ] - root -INFO : 执行self.main_page.click_jike_class() 
[ 2019-07-24 20:48:04,151 ] - root -INFO : self.main_page.click_jike_class() pass 
[ 2019-07-24 20:48:05,365 ] - root -INFO : 执行self.main_page.click_jike_publich() 
[ 2019-07-24 20:48:07,710 ] - root -INFO : self.main_page.click_jike_publich() pass 
[ 2019-07-24 20:48:14,589 ] - root -INFO : 执行self.main_page.click_jike_recruit() 
[ 2019-07-24 20:48:16,962 ] - root -INFO : self.main_page.click_jike_recruit() pass 
[ 2019-07-24 20:48:18,504 ] - root -INFO : 执行self.main_page.click_jike_diagnose() 
[ 2019-07-24 20:48:20,826 ] - root -INFO : self.main_page.click_jike_diagnose() pass 
[ 2019-07-24 20:48:31,267 ] - root -INFO : 执行self.main_page.click_about() 
[ 2019-07-24 20:48:33,649 ] - root -INFO : self.main_page.click_about() pass 
[ 2019-07-24 20:51:56,905 ] - root -INFO : 执行self.main_page.click_main_page() 
[ 2019-07-24 20:51:59,485 ] - root -INFO : self.main_page.click_main_page() pass 
[ 2019-07-24 20:52:00,372 ] - root -INFO : 执行self.main_page.click_jike_study() 
[ 2019-07-24 20:52:02,704 ] - root -INFO : self.main_page.click_jike_study() pass 
[ 2019-07-24 20:52:05,206 ] - root -INFO : 执行self.main_page.click_jike_teacher() 
[ 2019-07-24 20:52:07,555 ] - root -INFO : self.main_page.click_jike_teacher() pass 
[ 2019-07-24 20:52:08,977 ] - root -INFO : 执行self.main_page.click_jike_class() 
[ 2019-07-24 20:52:11,399 ] - root -INFO : self.main_page.click_jike_class() pass 
[ 2019-07-24 20:52:12,647 ] - root -INFO : 执行self.main_page.click_jike_publich() 
[ 2019-07-24 20:52:15,011 ] - root -INFO : self.main_page.click_jike_publich() pass 
[ 2019-07-24 20:52:16,012 ] - root -INFO : 执行self.main_page.click_jike_recruit() 
[ 2019-07-24 20:52:18,420 ] - root -INFO : self.main_page.click_jike_recruit() pass 
[ 2019-07-24 20:52:19,270 ] - root -INFO : 执行self.main_page.click_jike_diagnose() 
[ 2019-07-24 20:52:21,577 ] - root -INFO : self.main_page.click_jike_diagnose() pass 
[ 2019-07-24 20:52:22,487 ] - root -INFO : 执行self.main_page.click_about() 
[ 2019-07-24 20:52:24,860 ] - root -INFO : self.main_page.click_about() pass 
[ 2019-07-24 20:54:56,882 ] - root -INFO : 执行self.main_page.click_main_page() 
[ 2019-07-24 20:54:59,448 ] - root -INFO : self.main_page.click_main_page() pass 
[ 2019-07-24 20:55:00,414 ] - root -INFO : 执行self.main_page.click_jike_study() 
[ 2019-07-24 20:55:02,746 ] - root -INFO : self.main_page.click_jike_study() pass 
[ 2019-07-24 20:55:05,207 ] - root -INFO : 执行self.main_page.click_jike_teacher() 
[ 2019-07-24 20:55:07,547 ] - root -INFO : self.main_page.click_jike_teacher() pass 
[ 2019-07-24 20:55:09,100 ] - root -INFO : 执行self.main_page.click_jike_class() 
[ 2019-07-24 20:55:11,531 ] - root -INFO : self.main_page.click_jike_class() pass 
[ 2019-07-24 20:55:12,545 ] - root -INFO : 执行self.main_page.click_jike_publich() 
[ 2019-07-24 20:55:14,887 ] - root -INFO : self.main_page.click_jike_publich() pass 
[ 2019-07-24 20:55:15,757 ] - root -INFO : 执行self.main_page.click_jike_recruit() 
[ 2019-07-24 20:55:18,145 ] - root -INFO : self.main_page.click_jike_recruit() pass 
[ 2019-07-24 20:55:19,078 ] - root -INFO : 执行self.main_page.click_jike_diagnose() 
[ 2019-07-24 20:55:21,391 ] - root -INFO : self.main_page.click_jike_diagnose() pass 
[ 2019-07-24 20:55:22,161 ] - root -INFO : 执行self.main_page.click_about() 
[ 2019-07-24 20:55:24,492 ] - root -INFO : self.main_page.click_about() pass 
[ 2019-07-24 20:56:00,073 ] - root -INFO : 执行self.main_page.click_main_page() 
[ 2019-07-24 20:56:02,639 ] - root -INFO : self.main_page.click_main_page() pass 
[ 2019-07-24 20:56:03,967 ] - root -INFO : 执行self.main_page.click_jike_study() 
[ 2019-07-24 20:56:06,303 ] - root -INFO : self.main_page.click_jike_study() pass 
[ 2019-07-24 20:56:23,865 ] - root -INFO : 执行self.main_page.click_jike_teacher() 
[ 2019-07-24 20:56:26,210 ] - root -INFO : self.main_page.click_jike_teacher() pass 
[ 2019-07-24 20:56:27,644 ] - root -INFO : 执行self.main_page.click_jike_class() 
[ 2019-07-24 20:56:30,076 ] - root -INFO : self.main_page.click_jike_class() pass 
[ 2019-07-24 20:56:31,177 ] - root -INFO : 执行self.main_page.click_jike_publich() 
[ 2019-07-24 20:56:33,510 ] - root -INFO : self.main_page.click_jike_publich() pass 
[ 2019-07-24 20:56:34,409 ] - root -INFO : 执行self.main_page.click_jike_recruit() 
[ 2019-07-24 20:56:36,781 ] - root -INFO : self.main_page.click_jike_recruit() pass 
[ 2019-07-24 20:56:37,716 ] - root -INFO : 执行self.main_page.click_jike_diagnose() 
[ 2019-07-24 20:56:40,018 ] - root -INFO : self.main_page.click_jike_diagnose() pass 
[ 2019-07-24 20:56:40,856 ] - root -INFO : 执行self.main_page.click_about() 
[ 2019-07-24 20:56:43,202 ] - root -INFO : self.main_page.click_about() pass 
[ 2019-07-24 21:01:53,635 ] - root -INFO : 执行self.main_page.click_main_page() 
[ 2019-07-24 21:01:56,218 ] - root -INFO : self.main_page.click_main_page() pass 
[ 2019-07-24 21:01:57,245 ] - root -INFO : 执行self.main_page.click_jike_study() 
[ 2019-07-24 21:01:59,630 ] - root -INFO : self.main_page.click_jike_study() pass 
[ 2019-07-24 21:02:46,401 ] - root -INFO : 执行self.main_page.click_jike_teacher() 
[ 2019-07-24 21:02:48,758 ] - root -INFO : self.main_page.click_jike_teacher() pass 
[ 2019-07-24 21:02:49,956 ] - root -INFO : 执行self.main_page.click_jike_class() 
[ 2019-07-24 21:02:52,399 ] - root -INFO : self.main_page.click_jike_class() pass 
[ 2019-07-24 21:02:54,033 ] - root -INFO : 执行self.main_page.click_jike_publich() 
[ 2019-07-24 21:02:56,381 ] - root -INFO : self.main_page.click_jike_publich() pass 
[ 2019-07-24 21:02:57,290 ] - root -INFO : 执行self.main_page.click_jike_recruit() 
[ 2019-07-24 21:02:59,650 ] - root -INFO : self.main_page.click_jike_recruit() pass 
[ 2019-07-24 21:03:00,853 ] - root -INFO : 执行self.main_page.click_jike_diagnose() 
[ 2019-07-24 21:03:03,164 ] - root -INFO : self.main_page.click_jike_diagnose() pass 
[ 2019-07-24 21:03:04,060 ] - root -INFO : 执行self.main_page.click_about() 
[ 2019-07-24 21:03:06,401 ] - root -INFO : self.main_page.click_about() pass 
[ 2019-07-24 21:08:54,914 ] - root -INFO : 执行self.main_page.click_main_page() 
[ 2019-07-24 21:08:57,574 ] - root -INFO : self.main_page.click_main_page() pass 
[ 2019-07-24 21:08:58,454 ] - root -INFO : 执行self.main_page.click_jike_study() 
[ 2019-07-24 21:09:00,788 ] - root -INFO : self.main_page.click_jike_study() pass 
[ 2019-07-24 21:09:03,805 ] - root -INFO : 执行self.main_page.click_jike_teacher() 
[ 2019-07-24 21:09:06,142 ] - root -INFO : self.main_page.click_jike_teacher() pass 
[ 2019-07-24 21:09:07,810 ] - root -INFO : 执行self.main_page.click_jike_class() 
[ 2019-07-24 21:09:10,244 ] - root -INFO : self.main_page.click_jike_class() pass 
[ 2019-07-24 21:09:11,672 ] - root -INFO : 执行self.main_page.click_jike_publich() 
[ 2019-07-24 21:09:14,021 ] - root -INFO : self.main_page.click_jike_publich() pass 
[ 2019-07-24 21:09:15,163 ] - root -INFO : 执行self.main_page.click_jike_recruit() 
[ 2019-07-24 21:09:17,547 ] - root -INFO : self.main_page.click_jike_recruit() pass 
[ 2019-07-24 21:09:18,394 ] - root -INFO : 执行self.main_page.click_jike_diagnose() 
[ 2019-07-24 21:09:20,706 ] - root -INFO : self.main_page.click_jike_diagnose() pass 
[ 2019-07-24 21:09:21,626 ] - root -INFO : 执行self.main_page.click_about() 
[ 2019-07-24 21:09:23,956 ] - root -INFO : self.main_page.click_about() pass 
[ 2019-07-24 21:12:26,705 ] - root -INFO : 执行self.main_page.click_main_page() 
[ 2019-07-24 21:12:29,268 ] - root -INFO : self.main_page.click_main_page() pass 
[ 2019-07-24 21:12:30,271 ] - root -INFO : 执行self.main_page.click_jike_study() 
[ 2019-07-24 21:12:32,603 ] - root -INFO : self.main_page.click_jike_study() pass 
[ 2019-07-24 21:12:34,781 ] - root -INFO : 执行self.main_page.click_jike_teacher() 
[ 2019-07-24 21:12:37,119 ] - root -INFO : self.main_page.click_jike_teacher() pass 
[ 2019-07-24 21:12:38,264 ] - root -INFO : 执行self.main_page.click_jike_class() 
[ 2019-07-24 21:12:40,690 ] - root -INFO : self.main_page.click_jike_class() pass 
[ 2019-07-24 21:12:41,713 ] - root -INFO : 执行self.main_page.click_jike_publich() 
[ 2019-07-24 21:12:44,053 ] - root -INFO : self.main_page.click_jike_publich() pass 
[ 2019-07-24 21:12:44,856 ] - root -INFO : 执行self.main_page.click_jike_recruit() 
[ 2019-07-24 21:12:47,238 ] - root -INFO : self.main_page.click_jike_recruit() pass 
[ 2019-07-24 21:12:48,104 ] - root -INFO : 执行self.main_page.click_jike_diagnose() 
[ 2019-07-24 21:12:50,420 ] - root -INFO : self.main_page.click_jike_diagnose() pass 
[ 2019-07-24 21:12:51,236 ] - root -INFO : 执行self.main_page.click_about() 
[ 2019-07-24 21:12:53,581 ] - root -INFO : self.main_page.click_about() pass 
[ 2019-07-25 11:05:46,329 ] - root -INFO : 未知错误，错误信息：Traceback (most recent call last):
  File "C:\Users\VULCAN\Desktop\简历\极客数学帮\极客数学帮_web自动化测试框架\test_case\test_001_tap_menus.py", line 33, in test_001_TapTopMenus
    eval(action)
  File "<string>", line 1, in <module>
AttributeError: 'TestTapTopMenus' object has no attribute 'main_page'
 
[ 2019-07-25 11:05:49,249 ] - root -INFO : 未知错误，错误信息：Traceback (most recent call last):
  File "C:\Users\VULCAN\Desktop\简历\极客数学帮\极客数学帮_web自动化测试框架\test_case\test_001_tap_menus.py", line 33, in test_001_TapTopMenus
    eval(action)
  File "<string>", line 1, in <module>
AttributeError: 'TestTapTopMenus' object has no attribute 'main_page'
 
[ 2019-07-25 11:05:51,675 ] - root -INFO : 未知错误，错误信息：Traceback (most recent call last):
  File "C:\Users\VULCAN\Desktop\简历\极客数学帮\极客数学帮_web自动化测试框架\test_case\test_001_tap_menus.py", line 33, in test_001_TapTopMenus
    eval(action)
  File "<string>", line 1, in <module>
AttributeError: 'TestTapTopMenus' object has no attribute 'main_page'
 
[ 2019-07-25 11:05:57,635 ] - root -INFO : 未知错误，错误信息：Traceback (most recent call last):
  File "C:\Users\VULCAN\Desktop\简历\极客数学帮\极客数学帮_web自动化测试框架\test_case\test_001_tap_menus.py", line 33, in test_001_TapTopMenus
    eval(action)
  File "<string>", line 1, in <module>
AttributeError: 'TestTapTopMenus' object has no attribute 'main_page'
 
[ 2019-07-25 11:06:00,277 ] - root -INFO : 未知错误，错误信息：Traceback (most recent call last):
  File "C:\Users\VULCAN\Desktop\简历\极客数学帮\极客数学帮_web自动化测试框架\test_case\test_001_tap_menus.py", line 33, in test_001_TapTopMenus
    eval(action)
  File "<string>", line 1, in <module>
AttributeError: 'TestTapTopMenus' object has no attribute 'main_page'
 
[ 2019-07-25 11:06:04,374 ] - root -INFO : 未知错误，错误信息：Traceback (most recent call last):
  File "C:\Users\VULCAN\Desktop\简历\极客数学帮\极客数学帮_web自动化测试框架\test_case\test_001_tap_menus.py", line 33, in test_001_TapTopMenus
    eval(action)
  File "<string>", line 1, in <module>
AttributeError: 'TestTapTopMenus' object has no attribute 'main_page'
 
[ 2019-07-25 11:06:07,255 ] - root -INFO : 未知错误，错误信息：Traceback (most recent call last):
  File "C:\Users\VULCAN\Desktop\简历\极客数学帮\极客数学帮_web自动化测试框架\test_case\test_001_tap_menus.py", line 33, in test_001_TapTopMenus
    eval(action)
  File "<string>", line 1, in <module>
AttributeError: 'TestTapTopMenus' object has no attribute 'main_page'
 
[ 2019-07-25 11:07:13,774 ] - root -INFO : 未知错误，错误信息：Traceback (most recent call last):
  File "C:\Users\VULCAN\Desktop\简历\极客数学帮\极客数学帮_web自动化测试框架\test_case\test_001_tap_menus.py", line 34, in test_001_TapTopMenus
    eval(action)
  File "<string>", line 1, in <module>
AttributeError: 'TestTapTopMenus' object has no attribute 'main_page'
 
[ 2019-07-25 11:07:15,762 ] - root -INFO : 未知错误，错误信息：Traceback (most recent call last):
  File "C:\Users\VULCAN\Desktop\简历\极客数学帮\极客数学帮_web自动化测试框架\test_case\test_001_tap_menus.py", line 34, in test_001_TapTopMenus
    eval(action)
  File "<string>", line 1, in <module>
AttributeError: 'TestTapTopMenus' object has no attribute 'main_page'
 
[ 2019-07-25 11:07:20,822 ] - root -INFO : 未知错误，错误信息：Traceback (most recent call last):
  File "C:\Users\VULCAN\Desktop\简历\极客数学帮\极客数学帮_web自动化测试框架\test_case\test_001_tap_menus.py", line 34, in test_001_TapTopMenus
    eval(action)
  File "<string>", line 1, in <module>
AttributeError: 'TestTapTopMenus' object has no attribute 'main_page'
 
[ 2019-07-25 11:07:23,291 ] - root -INFO : 未知错误，错误信息：Traceback (most recent call last):
  File "C:\Users\VULCAN\Desktop\简历\极客数学帮\极客数学帮_web自动化测试框架\test_case\test_001_tap_menus.py", line 34, in test_001_TapTopMenus
    eval(action)
  File "<string>", line 1, in <module>
AttributeError: 'TestTapTopMenus' object has no attribute 'main_page'
 
[ 2019-07-25 11:11:30,831 ] - root -INFO : 执行self.main_page.click_main_page() 
[ 2019-07-25 11:11:33,253 ] - root -INFO : self.main_page.click_main_page() pass 
[ 2019-07-25 11:11:37,278 ] - root -INFO : 执行self.main_page.click_jike_study() 
[ 2019-07-25 11:11:39,617 ] - root -INFO : self.main_page.click_jike_study() pass 
[ 2019-07-25 11:11:46,755 ] - root -INFO : 执行self.main_page.click_jike_teacher() 
[ 2019-07-25 11:11:49,098 ] - root -INFO : self.main_page.click_jike_teacher() pass 
[ 2019-07-25 11:11:54,517 ] - root -INFO : 执行self.main_page.click_jike_class() 
[ 2019-07-25 11:11:56,920 ] - root -INFO : self.main_page.click_jike_class() pass 
[ 2019-07-25 11:12:02,556 ] - root -INFO : 执行self.main_page.click_jike_publich() 
[ 2019-07-25 11:12:04,899 ] - root -INFO : self.main_page.click_jike_publich() pass 
[ 2019-07-25 11:12:12,689 ] - root -INFO : 执行self.main_page.click_jike_recruit() 
[ 2019-07-25 11:12:15,071 ] - root -INFO : self.main_page.click_jike_recruit() pass 
[ 2019-07-25 11:12:39,131 ] - root -INFO : 执行self.main_page.click_jike_diagnose() 
[ 2019-07-25 11:12:41,451 ] - root -INFO : self.main_page.click_jike_diagnose() pass 
[ 2019-07-25 11:12:47,021 ] - root -INFO : 执行self.main_page.click_about() 
[ 2019-07-25 11:12:49,364 ] - root -INFO : self.main_page.click_about() pass 
